<?xml version="1.0" encoding="UTF-8"?>
<testsuite name="com.paper.publisher.app.AppApplicationTests" tests="1" skipped="0" failures="0" errors="0" timestamp="2024-05-03T22:04:25" hostname="DEVIN-PC" time="0.516">
  <properties/>
  <testcase name="contextLoads()" classname="com.paper.publisher.app.AppApplicationTests" time="0.516"/>
  <system-out><![CDATA[16:04:23.997 [Test worker] INFO org.springframework.test.context.support.AnnotationConfigContextLoaderUtils -- Could not detect default configuration classes for test class [com.paper.publisher.app.AppApplicationTests]: AppApplicationTests does not declare any static, non-private, non-final, nested classes annotated with @Configuration.
16:04:24.060 [Test worker] INFO org.springframework.boot.test.context.SpringBootTestContextBootstrapper -- Found @SpringBootConfiguration com.paper.publisher.app.AppApplication for test class com.paper.publisher.app.AppApplicationTests

  .   ____          _            __ _ _
 /\\ / ___'_ __ _ _(_)_ __  __ _ \ \ \ \
( ( )\___ | '_ | '_| | '_ \/ _` | \ \ \ \
 \\/  ___)| |_)| | | | | || (_| |  ) ) ) )
  '  |____| .__|_| |_|_| |_\__, | / / / /
 =========|_|==============|___/=/_/_/_/
 :: Spring Boot ::                (v3.2.5)

2024-05-03T16:04:24.310-06:00  INFO 29524 --- [app] [    Test worker] c.p.publisher.app.AppApplicationTests    : Starting AppApplicationTests using Java 17.0.10 with PID 29524 (started by devin in D:\Raytheon Training\Paper_Publisher\paper_publisher)
2024-05-03T16:04:24.311-06:00  INFO 29524 --- [app] [    Test worker] c.p.publisher.app.AppApplicationTests    : No active profile set, falling back to 1 default profile: "default"
2024-05-03T16:04:25.097-06:00  INFO 29524 --- [app] [    Test worker] c.p.publisher.app.AppApplicationTests    : Started AppApplicationTests in 0.923 seconds (process running for 1.683)
]]></system-out>
  <system-err><![CDATA[]]></system-err>
</testsuite>
