<?xml version="1.0" encoding="UTF-8"?>
<testsuite name="com.paper.publisher.app.AppApplicationTests" tests="1" skipped="0" failures="0" errors="0" timestamp="2024-05-04T16:46:38" hostname="DEVIN-PC" time="0.525">
  <properties/>
  <testcase name="contextLoads()" classname="com.paper.publisher.app.AppApplicationTests" time="0.525"/>
  <system-out><![CDATA[10:46:37.653 [Test worker] INFO org.springframework.test.context.support.AnnotationConfigContextLoaderUtils -- Could not detect default configuration classes for test class [com.paper.publisher.app.AppApplicationTests]: AppApplicationTests does not declare any static, non-private, non-final, nested classes annotated with @Configuration.
10:46:37.719 [Test worker] INFO org.springframework.boot.test.context.SpringBootTestContextBootstrapper -- Found @SpringBootConfiguration com.paper.publisher.app.AppApplication for test class com.paper.publisher.app.AppApplicationTests

  .   ____          _            __ _ _
 /\\ / ___'_ __ _ _(_)_ __  __ _ \ \ \ \
( ( )\___ | '_ | '_| | '_ \/ _` | \ \ \ \
 \\/  ___)| |_)| | | | | || (_| |  ) ) ) )
  '  |____| .__|_| |_|_| |_\__, | / / / /
 =========|_|==============|___/=/_/_/_/
 :: Spring Boot ::                (v3.2.5)

2024-05-04T10:46:37.991-06:00  INFO 30204 --- [app] [    Test worker] c.p.publisher.app.AppApplicationTests    : Starting AppApplicationTests using Java 17.0.10 with PID 30204 (started by devin in D:\Raytheon Training\Paper_Publisher\paper_publisher)
2024-05-04T10:46:37.992-06:00  INFO 30204 --- [app] [    Test worker] c.p.publisher.app.AppApplicationTests    : No active profile set, falling back to 1 default profile: "default"
2024-05-04T10:46:38.779-06:00  INFO 30204 --- [app] [    Test worker] c.p.publisher.app.AppApplicationTests    : Started AppApplicationTests in 0.937 seconds (process running for 1.737)
]]></system-out>
  <system-err><![CDATA[]]></system-err>
</testsuite>
